{
  "stats": {
    "suites": 1,
    "tests": 2,
    "passes": 2,
    "pending": 0,
    "failures": 0,
    "start": "2021-12-15T22:16:42.240Z",
    "end": "2021-12-15T22:16:45.582Z",
    "duration": 3342,
    "testsRegistered": 2,
    "passPercent": 100,
    "pendingPercent": 0,
    "other": 0,
    "hasOther": false,
    "skipped": 0,
    "hasSkipped": false
  },
  "results": [
    {
      "uuid": "b081d99f-7f1c-43ae-a1b8-caccf2056923",
      "title": "",
      "fullFile": "cypress/tests/signIn/ui-login.spec.js",
      "file": "cypress/tests/signIn/ui-login.spec.js",
      "beforeHooks": [],
      "afterHooks": [],
      "tests": [],
      "suites": [
        {
          "uuid": "22341e6d-e28b-4f4d-9de0-2c236306ed98",
          "title": "Realizar login UI",
          "fullFile": "",
          "file": "",
          "beforeHooks": [],
          "afterHooks": [],
          "tests": [
            {
              "title": "Realizar login corretamente",
              "fullTitle": "Realizar login UI Realizar login corretamente",
              "timedOut": null,
              "duration": 1849,
              "state": "passed",
              "speed": "fast",
              "pass": true,
              "fail": false,
              "pending": false,
              "context": null,
              "code": "_signIn.default.realizarLoginAPI();\n_signIn.default.preencherLoginCorreto();\n_signIn.default.realizarLogin();\n_signIn.default.verificarSeOLoginFoiRealizado();",
              "err": {},
              "uuid": "a3333629-11ad-4b91-83a5-1d5e19ac39fd",
              "parentUUID": "22341e6d-e28b-4f4d-9de0-2c236306ed98",
              "isHook": false,
              "skipped": false
            },
            {
              "title": "Realizar login inválido",
              "fullTitle": "Realizar login UI Realizar login inválido",
              "timedOut": null,
              "duration": 1439,
              "state": "passed",
              "speed": "fast",
              "pass": true,
              "fail": false,
              "pending": false,
              "context": null,
              "code": "_signIn.default.loginInvalidoAPI();\n_signIn.default.preencherLoginIncorreto();\n_signIn.default.realizarLogin();\n_signIn.default.verificarSeOLoginFalhou();",
              "err": {},
              "uuid": "61997cf1-99a8-4c1d-864a-061a9bc7c862",
              "parentUUID": "22341e6d-e28b-4f4d-9de0-2c236306ed98",
              "isHook": false,
              "skipped": false
            }
          ],
          "suites": [],
          "passes": [
            "a3333629-11ad-4b91-83a5-1d5e19ac39fd",
            "61997cf1-99a8-4c1d-864a-061a9bc7c862"
          ],
          "failures": [],
          "pending": [],
          "skipped": [],
          "duration": 3288,
          "root": false,
          "rootEmpty": false,
          "_timeout": 2000
        }
      ],
      "passes": [],
      "failures": [],
      "pending": [],
      "skipped": [],
      "duration": 0,
      "root": true,
      "rootEmpty": true,
      "_timeout": 2000
    }
  ],
  "meta": {
    "mocha": {
      "version": "7.0.1"
    },
    "mochawesome": {
      "options": {
        "quiet": true,
        "reportFilename": "mochawesome",
        "saveHtml": false,
        "saveJson": true,
        "consoleReporter": "spec",
        "useInlineDiffs": false,
        "code": true
      },
      "version": "7.0.1"
    },
    "marge": {
      "options": {
        "id": "default",
        "reportDir": "mochawesome-report",
        "quiet": true,
        "overwrite": false,
        "html": false,
        "json": true
      },
      "version": "6.0.1"
    }
  }
}