{
  "stats": {
    "suites": 1,
    "tests": 2,
    "passes": 2,
    "pending": 0,
    "failures": 0,
    "start": "2021-12-15T22:20:54.314Z",
    "end": "2021-12-15T22:20:57.738Z",
    "duration": 3424,
    "testsRegistered": 2,
    "passPercent": 100,
    "pendingPercent": 0,
    "other": 0,
    "hasOther": false,
    "skipped": 0,
    "hasSkipped": false
  },
  "results": [
    {
      "uuid": "3403d408-f54f-4711-ab8a-cf20eb23ebd2",
      "title": "",
      "fullFile": "cypress/tests/signIn/ui-login.spec.js",
      "file": "cypress/tests/signIn/ui-login.spec.js",
      "beforeHooks": [],
      "afterHooks": [],
      "tests": [],
      "suites": [
        {
          "uuid": "e34b4011-b430-45cd-877e-5d5ed3196952",
          "title": "Realizar login UI",
          "fullFile": "",
          "file": "",
          "beforeHooks": [],
          "afterHooks": [],
          "tests": [
            {
              "title": "Realizar login corretamente",
              "fullTitle": "Realizar login UI Realizar login corretamente",
              "timedOut": null,
              "duration": 1891,
              "state": "passed",
              "speed": "fast",
              "pass": true,
              "fail": false,
              "pending": false,
              "context": null,
              "code": "_signIn.default.realizarLoginAPI();\n_signIn.default.preencherLoginCorreto();\n_signIn.default.realizarLogin();\n_signIn.default.verificarSeOLoginFoiRealizado();",
              "err": {},
              "uuid": "a447ac1d-573a-44b0-8596-594969b316f3",
              "parentUUID": "e34b4011-b430-45cd-877e-5d5ed3196952",
              "isHook": false,
              "skipped": false
            },
            {
              "title": "Realizar login inválido",
              "fullTitle": "Realizar login UI Realizar login inválido",
              "timedOut": null,
              "duration": 1397,
              "state": "passed",
              "speed": "fast",
              "pass": true,
              "fail": false,
              "pending": false,
              "context": null,
              "code": "_signIn.default.loginInvalidoAPI();\n_signIn.default.preencherLoginIncorreto();\n_signIn.default.realizarLogin();\n_signIn.default.verificarSeOLoginFalhou();",
              "err": {},
              "uuid": "dca0c9a0-1402-4204-ae94-fcfeb1ca48f8",
              "parentUUID": "e34b4011-b430-45cd-877e-5d5ed3196952",
              "isHook": false,
              "skipped": false
            }
          ],
          "suites": [],
          "passes": [
            "a447ac1d-573a-44b0-8596-594969b316f3",
            "dca0c9a0-1402-4204-ae94-fcfeb1ca48f8"
          ],
          "failures": [],
          "pending": [],
          "skipped": [],
          "duration": 3288,
          "root": false,
          "rootEmpty": false,
          "_timeout": 2000
        }
      ],
      "passes": [],
      "failures": [],
      "pending": [],
      "skipped": [],
      "duration": 0,
      "root": true,
      "rootEmpty": true,
      "_timeout": 2000
    }
  ],
  "meta": {
    "mocha": {
      "version": "7.0.1"
    },
    "mochawesome": {
      "options": {
        "quiet": true,
        "reportFilename": "mochawesome",
        "saveHtml": false,
        "saveJson": true,
        "consoleReporter": "spec",
        "useInlineDiffs": false,
        "code": true
      },
      "version": "7.0.1"
    },
    "marge": {
      "options": {
        "id": "default",
        "reportDir": "mochawesome-report",
        "quiet": true,
        "overwrite": false,
        "html": false,
        "json": true
      },
      "version": "6.0.1"
    }
  }
}