{
  "stats": {
    "suites": 1,
    "tests": 3,
    "passes": 3,
    "pending": 0,
    "failures": 0,
    "start": "2021-12-15T22:21:12.534Z",
    "end": "2021-12-15T22:21:18.158Z",
    "duration": 5624,
    "testsRegistered": 3,
    "passPercent": 100,
    "pendingPercent": 0,
    "other": 0,
    "hasOther": false,
    "skipped": 0,
    "hasSkipped": false
  },
  "results": [
    {
      "uuid": "d75d3abe-4122-4380-9749-4d7ca2b145c0",
      "title": "",
      "fullFile": "cypress/tests/signUp/ui-cadastro.spec.js",
      "file": "cypress/tests/signUp/ui-cadastro.spec.js",
      "beforeHooks": [],
      "afterHooks": [],
      "tests": [],
      "suites": [
        {
          "uuid": "7fdb1611-7a53-4e81-a1cd-314e3a0eea90",
          "title": "Cadastro de UI",
          "fullFile": "",
          "file": "",
          "beforeHooks": [],
          "afterHooks": [],
          "tests": [
            {
              "title": "Cadastro com sucesso",
              "fullTitle": "Cadastro de UI Cadastro com sucesso",
              "timedOut": null,
              "duration": 2788,
              "state": "passed",
              "speed": "fast",
              "pass": true,
              "fail": false,
              "pending": false,
              "context": null,
              "code": "_signUp.default.cadastroNovoUsuarioAPI(); // Preenchendo os campos\n\n_signUp.default.cadastrarNovoUsuario();\n_signUp.default.realizarCadastro();\ncy.contains('No articles are here... yet.').should('be.visible');",
              "err": {},
              "uuid": "f3472e26-9009-489b-aff8-e2b07323d9d1",
              "parentUUID": "7fdb1611-7a53-4e81-a1cd-314e3a0eea90",
              "isHook": false,
              "skipped": false
            },
            {
              "title": "Cadastro com usuário já existente",
              "fullTitle": "Cadastro de UI Cadastro com usuário já existente",
              "timedOut": null,
              "duration": 1288,
              "state": "passed",
              "speed": "fast",
              "pass": true,
              "fail": false,
              "pending": false,
              "context": null,
              "code": "_signUp.default.cadastrUsuarioExistenteAPI(); // Preenchendo os campos\n\n_signUp.default.cadastrarUsuarioExistente(); // Click no botão de Submit\n\n_signUp.default.realizarCadastro();\n_signUp.default.verificarSeOUsuarioJaExiste();",
              "err": {},
              "uuid": "bf24a6d2-ebec-4a50-b550-d2ee99011f90",
              "parentUUID": "7fdb1611-7a53-4e81-a1cd-314e3a0eea90",
              "isHook": false,
              "skipped": false
            },
            {
              "title": "Cadastro com e-mail já existente",
              "fullTitle": "Cadastro de UI Cadastro com e-mail já existente",
              "timedOut": null,
              "duration": 1465,
              "state": "passed",
              "speed": "fast",
              "pass": true,
              "fail": false,
              "pending": false,
              "context": null,
              "code": "_signUp.default.cadastrarEmailExistenteAPI(); // Preenchendo os campos\n\n_signUp.default.cadastrarEmailExistente(); // Click no botão de Submit\n\n_signUp.default.realizarCadastro();\n_signUp.default.verificarSeOEmailJaExiste();",
              "err": {},
              "uuid": "731a35bc-70dd-457b-a225-45142898c8bc",
              "parentUUID": "7fdb1611-7a53-4e81-a1cd-314e3a0eea90",
              "isHook": false,
              "skipped": false
            }
          ],
          "suites": [],
          "passes": [
            "f3472e26-9009-489b-aff8-e2b07323d9d1",
            "bf24a6d2-ebec-4a50-b550-d2ee99011f90",
            "731a35bc-70dd-457b-a225-45142898c8bc"
          ],
          "failures": [],
          "pending": [],
          "skipped": [],
          "duration": 5541,
          "root": false,
          "rootEmpty": false,
          "_timeout": 2000
        }
      ],
      "passes": [],
      "failures": [],
      "pending": [],
      "skipped": [],
      "duration": 0,
      "root": true,
      "rootEmpty": true,
      "_timeout": 2000
    }
  ],
  "meta": {
    "mocha": {
      "version": "7.0.1"
    },
    "mochawesome": {
      "options": {
        "quiet": true,
        "reportFilename": "mochawesome",
        "saveHtml": false,
        "saveJson": true,
        "consoleReporter": "spec",
        "useInlineDiffs": false,
        "code": true
      },
      "version": "7.0.1"
    },
    "marge": {
      "options": {
        "id": "default",
        "reportDir": "mochawesome-report",
        "quiet": true,
        "overwrite": false,
        "html": false,
        "json": true
      },
      "version": "6.0.1"
    }
  }
}