{
  "stats": {
    "suites": 1,
    "tests": 3,
    "passes": 3,
    "pending": 0,
    "failures": 0,
    "start": "2021-12-15T22:12:43.826Z",
    "end": "2021-12-15T22:12:49.762Z",
    "duration": 5936,
    "testsRegistered": 3,
    "passPercent": 100,
    "pendingPercent": 0,
    "other": 0,
    "hasOther": false,
    "skipped": 0,
    "hasSkipped": false
  },
  "results": [
    {
      "uuid": "7f41c28c-2c07-48fa-b66c-8956a89e1fd3",
      "title": "",
      "fullFile": "cypress/tests/signUp/e2e-cadastro.spec.js",
      "file": "cypress/tests/signUp/e2e-cadastro.spec.js",
      "beforeHooks": [],
      "afterHooks": [],
      "tests": [],
      "suites": [
        {
          "uuid": "c99bc804-0677-46fc-a50f-39ea7cfb5dbd",
          "title": "Cadastro completo de um usuário por tela.",
          "fullFile": "",
          "file": "",
          "beforeHooks": [],
          "afterHooks": [],
          "tests": [
            {
              "title": "Cadastrar novo usuário no sistema.",
              "fullTitle": "Cadastro completo de um usuário por tela. Cadastrar novo usuário no sistema.",
              "timedOut": null,
              "duration": 2733,
              "state": "passed",
              "speed": "fast",
              "pass": true,
              "fail": false,
              "pending": false,
              "context": null,
              "code": "// Preenchendo os dados necessários\n_signUp.default.cadastrarNovoUsuario(); // Apertar o botão de cadastro.\n\n_signUp.default.realizarCadastro();\n_signUp.default.verificarSeOCadastroFoiRealizado();",
              "err": {},
              "uuid": "e7d786cb-6b67-4cdf-b3fe-32605f97638f",
              "parentUUID": "c99bc804-0677-46fc-a50f-39ea7cfb5dbd",
              "isHook": false,
              "skipped": false
            },
            {
              "title": "Cadastrar um usuário já existente no sistema.",
              "fullTitle": "Cadastro completo de um usuário por tela. Cadastrar um usuário já existente no sistema.",
              "timedOut": null,
              "duration": 1472,
              "state": "passed",
              "speed": "fast",
              "pass": true,
              "fail": false,
              "pending": false,
              "context": null,
              "code": "_signUp.default.cadastrarUsuarioExistente();\n_signUp.default.realizarCadastro();\n_signUp.default.verificarSeOUsuarioJaExiste();",
              "err": {},
              "uuid": "d8bb5fc4-3d37-4925-bef6-06e17e1f071b",
              "parentUUID": "c99bc804-0677-46fc-a50f-39ea7cfb5dbd",
              "isHook": false,
              "skipped": false
            },
            {
              "title": "Cadastrar um e-mail já existente no sistema.",
              "fullTitle": "Cadastro completo de um usuário por tela. Cadastrar um e-mail já existente no sistema.",
              "timedOut": null,
              "duration": 1629,
              "state": "passed",
              "speed": "fast",
              "pass": true,
              "fail": false,
              "pending": false,
              "context": null,
              "code": "_signUp.default.cadastrarEmailExistente();\n_signUp.default.realizarCadastro();\n_signUp.default.verificarSeOEmailJaExiste();",
              "err": {},
              "uuid": "03c1f3b6-aa68-4211-ab70-072df5d1fc3f",
              "parentUUID": "c99bc804-0677-46fc-a50f-39ea7cfb5dbd",
              "isHook": false,
              "skipped": false
            }
          ],
          "suites": [],
          "passes": [
            "e7d786cb-6b67-4cdf-b3fe-32605f97638f",
            "d8bb5fc4-3d37-4925-bef6-06e17e1f071b",
            "03c1f3b6-aa68-4211-ab70-072df5d1fc3f"
          ],
          "failures": [],
          "pending": [],
          "skipped": [],
          "duration": 5834,
          "root": false,
          "rootEmpty": false,
          "_timeout": 2000
        }
      ],
      "passes": [],
      "failures": [],
      "pending": [],
      "skipped": [],
      "duration": 0,
      "root": true,
      "rootEmpty": true,
      "_timeout": 2000
    }
  ],
  "meta": {
    "mocha": {
      "version": "7.0.1"
    },
    "mochawesome": {
      "options": {
        "quiet": true,
        "reportFilename": "mochawesome",
        "saveHtml": false,
        "saveJson": true,
        "consoleReporter": "spec",
        "useInlineDiffs": false,
        "code": true
      },
      "version": "7.0.1"
    },
    "marge": {
      "options": {
        "id": "default",
        "reportDir": "mochawesome-report",
        "quiet": true,
        "overwrite": false,
        "html": false,
        "json": true
      },
      "version": "6.0.1"
    }
  }
}