{
  "stats": {
    "suites": 1,
    "tests": 3,
    "passes": 3,
    "pending": 0,
    "failures": 0,
    "start": "2021-12-15T22:21:01.741Z",
    "end": "2021-12-15T22:21:07.769Z",
    "duration": 6028,
    "testsRegistered": 3,
    "passPercent": 100,
    "pendingPercent": 0,
    "other": 0,
    "hasOther": false,
    "skipped": 0,
    "hasSkipped": false
  },
  "results": [
    {
      "uuid": "4f5fb60f-d833-4c02-8ee1-a96d1d0bb9da",
      "title": "",
      "fullFile": "cypress/tests/signUp/e2e-cadastro.spec.js",
      "file": "cypress/tests/signUp/e2e-cadastro.spec.js",
      "beforeHooks": [],
      "afterHooks": [],
      "tests": [],
      "suites": [
        {
          "uuid": "4feec331-ae87-415c-9d51-25096c8a732f",
          "title": "Cadastro completo de um usuário por tela.",
          "fullFile": "",
          "file": "",
          "beforeHooks": [],
          "afterHooks": [],
          "tests": [
            {
              "title": "Cadastrar novo usuário no sistema.",
              "fullTitle": "Cadastro completo de um usuário por tela. Cadastrar novo usuário no sistema.",
              "timedOut": null,
              "duration": 2610,
              "state": "passed",
              "speed": "fast",
              "pass": true,
              "fail": false,
              "pending": false,
              "context": null,
              "code": "// Preenchendo os dados necessários\n_signUp.default.cadastrarNovoUsuario(); // Apertar o botão de cadastro.\n\n_signUp.default.realizarCadastro();\n_signUp.default.verificarSeOCadastroFoiRealizado();",
              "err": {},
              "uuid": "56ec2207-5c97-4a7b-99be-f1dd9a340844",
              "parentUUID": "4feec331-ae87-415c-9d51-25096c8a732f",
              "isHook": false,
              "skipped": false
            },
            {
              "title": "Cadastrar um usuário já existente no sistema.",
              "fullTitle": "Cadastro completo de um usuário por tela. Cadastrar um usuário já existente no sistema.",
              "timedOut": null,
              "duration": 1603,
              "state": "passed",
              "speed": "fast",
              "pass": true,
              "fail": false,
              "pending": false,
              "context": null,
              "code": "_signUp.default.cadastrarUsuarioExistente();\n_signUp.default.realizarCadastro();\n_signUp.default.verificarSeOUsuarioJaExiste();",
              "err": {},
              "uuid": "dbd2437f-4d71-45b8-b3d9-6848baf36f49",
              "parentUUID": "4feec331-ae87-415c-9d51-25096c8a732f",
              "isHook": false,
              "skipped": false
            },
            {
              "title": "Cadastrar um e-mail já existente no sistema.",
              "fullTitle": "Cadastro completo de um usuário por tela. Cadastrar um e-mail já existente no sistema.",
              "timedOut": null,
              "duration": 1694,
              "state": "passed",
              "speed": "fast",
              "pass": true,
              "fail": false,
              "pending": false,
              "context": null,
              "code": "_signUp.default.cadastrarEmailExistente();\n_signUp.default.realizarCadastro();\n_signUp.default.verificarSeOEmailJaExiste();",
              "err": {},
              "uuid": "782a8973-9653-4717-89ba-35d1566dfeff",
              "parentUUID": "4feec331-ae87-415c-9d51-25096c8a732f",
              "isHook": false,
              "skipped": false
            }
          ],
          "suites": [],
          "passes": [
            "56ec2207-5c97-4a7b-99be-f1dd9a340844",
            "dbd2437f-4d71-45b8-b3d9-6848baf36f49",
            "782a8973-9653-4717-89ba-35d1566dfeff"
          ],
          "failures": [],
          "pending": [],
          "skipped": [],
          "duration": 5907,
          "root": false,
          "rootEmpty": false,
          "_timeout": 2000
        }
      ],
      "passes": [],
      "failures": [],
      "pending": [],
      "skipped": [],
      "duration": 0,
      "root": true,
      "rootEmpty": true,
      "_timeout": 2000
    }
  ],
  "meta": {
    "mocha": {
      "version": "7.0.1"
    },
    "mochawesome": {
      "options": {
        "quiet": true,
        "reportFilename": "mochawesome",
        "saveHtml": false,
        "saveJson": true,
        "consoleReporter": "spec",
        "useInlineDiffs": false,
        "code": true
      },
      "version": "7.0.1"
    },
    "marge": {
      "options": {
        "id": "default",
        "reportDir": "mochawesome-report",
        "quiet": true,
        "overwrite": false,
        "html": false,
        "json": true
      },
      "version": "6.0.1"
    }
  }
}