{
  "stats": {
    "suites": 1,
    "tests": 2,
    "passes": 2,
    "pending": 0,
    "failures": 0,
    "start": "2021-12-15T22:19:03.996Z",
    "end": "2021-12-15T22:19:08.634Z",
    "duration": 4638,
    "testsRegistered": 2,
    "passPercent": 100,
    "pendingPercent": 0,
    "other": 0,
    "hasOther": false,
    "skipped": 0,
    "hasSkipped": false
  },
  "results": [
    {
      "uuid": "f4773a16-eaea-4b85-bb38-d89c710c38f8",
      "title": "",
      "fullFile": "cypress/tests/signIn/e2e-login.spec.js",
      "file": "cypress/tests/signIn/e2e-login.spec.js",
      "beforeHooks": [],
      "afterHooks": [],
      "tests": [],
      "suites": [
        {
          "uuid": "14ee1c3a-4774-40a5-a802-aecb12060fec",
          "title": "Realizar login E2E",
          "fullFile": "",
          "file": "",
          "beforeHooks": [],
          "afterHooks": [],
          "tests": [
            {
              "title": "Quando eu digito login e senha corretos, devo ser logado no sistema",
              "fullTitle": "Realizar login E2E Quando eu digito login e senha corretos, devo ser logado no sistema",
              "timedOut": null,
              "duration": 3056,
              "state": "passed",
              "speed": "fast",
              "pass": true,
              "fail": false,
              "pending": false,
              "context": null,
              "code": "_signIn.default.preencherLoginCorreto();\n_signIn.default.realizarLogin();\n_signIn.default.verificarSeOLoginFoiRealizado();",
              "err": {},
              "uuid": "06759f59-efe2-4292-984e-71f00e58fa44",
              "parentUUID": "14ee1c3a-4774-40a5-a802-aecb12060fec",
              "isHook": false,
              "skipped": false
            },
            {
              "title": "Quando eu digito login e senha incorretos, devo ser logado no sistema",
              "fullTitle": "Realizar login E2E Quando eu digito login e senha incorretos, devo ser logado no sistema",
              "timedOut": null,
              "duration": 1485,
              "state": "passed",
              "speed": "fast",
              "pass": true,
              "fail": false,
              "pending": false,
              "context": null,
              "code": "_signIn.default.preencherLoginIncorreto();\n_signIn.default.realizarLogin();\n_signIn.default.verificarSeOLoginFalhou();",
              "err": {},
              "uuid": "36696116-fe19-4ef7-a281-6e1c29847380",
              "parentUUID": "14ee1c3a-4774-40a5-a802-aecb12060fec",
              "isHook": false,
              "skipped": false
            }
          ],
          "suites": [],
          "passes": [
            "06759f59-efe2-4292-984e-71f00e58fa44",
            "36696116-fe19-4ef7-a281-6e1c29847380"
          ],
          "failures": [],
          "pending": [],
          "skipped": [],
          "duration": 4541,
          "root": false,
          "rootEmpty": false,
          "_timeout": 2000
        }
      ],
      "passes": [],
      "failures": [],
      "pending": [],
      "skipped": [],
      "duration": 0,
      "root": true,
      "rootEmpty": true,
      "_timeout": 2000
    }
  ],
  "meta": {
    "mocha": {
      "version": "7.0.1"
    },
    "mochawesome": {
      "options": {
        "quiet": true,
        "reportFilename": "mochawesome",
        "saveHtml": false,
        "saveJson": true,
        "consoleReporter": "spec",
        "useInlineDiffs": false,
        "code": true
      },
      "version": "7.0.1"
    },
    "marge": {
      "options": {
        "id": "default",
        "reportDir": "mochawesome-report",
        "quiet": true,
        "overwrite": false,
        "html": false,
        "json": true
      },
      "version": "6.0.1"
    }
  }
}