{
  "stats": {
    "suites": 1,
    "tests": 2,
    "passes": 2,
    "pending": 0,
    "failures": 0,
    "start": "2021-12-15T22:20:45.425Z",
    "end": "2021-12-15T22:20:50.149Z",
    "duration": 4724,
    "testsRegistered": 2,
    "passPercent": 100,
    "pendingPercent": 0,
    "other": 0,
    "hasOther": false,
    "skipped": 0,
    "hasSkipped": false
  },
  "results": [
    {
      "uuid": "144ae0c6-f562-48f7-a55d-4e1325f84dd1",
      "title": "",
      "fullFile": "cypress/tests/signIn/e2e-login.spec.js",
      "file": "cypress/tests/signIn/e2e-login.spec.js",
      "beforeHooks": [],
      "afterHooks": [],
      "tests": [],
      "suites": [
        {
          "uuid": "c243e84c-46b8-457d-a237-8fecefe0d519",
          "title": "Realizar login E2E",
          "fullFile": "",
          "file": "",
          "beforeHooks": [],
          "afterHooks": [],
          "tests": [
            {
              "title": "Quando eu digito login e senha corretos, devo ser logado no sistema",
              "fullTitle": "Realizar login E2E Quando eu digito login e senha corretos, devo ser logado no sistema",
              "timedOut": null,
              "duration": 3106,
              "state": "passed",
              "speed": "fast",
              "pass": true,
              "fail": false,
              "pending": false,
              "context": null,
              "code": "_signIn.default.preencherLoginCorreto();\n_signIn.default.realizarLogin();\n_signIn.default.verificarSeOLoginFoiRealizado();",
              "err": {},
              "uuid": "e4842f83-dbf9-4d8a-a9da-ca35ce2544ce",
              "parentUUID": "c243e84c-46b8-457d-a237-8fecefe0d519",
              "isHook": false,
              "skipped": false
            },
            {
              "title": "Quando eu digito login e senha incorretos, devo ser logado no sistema",
              "fullTitle": "Realizar login E2E Quando eu digito login e senha incorretos, devo ser logado no sistema",
              "timedOut": null,
              "duration": 1553,
              "state": "passed",
              "speed": "fast",
              "pass": true,
              "fail": false,
              "pending": false,
              "context": null,
              "code": "_signIn.default.preencherLoginIncorreto();\n_signIn.default.realizarLogin();\n_signIn.default.verificarSeOLoginFalhou();",
              "err": {},
              "uuid": "d5b5f3c3-6d95-4dc1-981d-9b7b0fb436ee",
              "parentUUID": "c243e84c-46b8-457d-a237-8fecefe0d519",
              "isHook": false,
              "skipped": false
            }
          ],
          "suites": [],
          "passes": [
            "e4842f83-dbf9-4d8a-a9da-ca35ce2544ce",
            "d5b5f3c3-6d95-4dc1-981d-9b7b0fb436ee"
          ],
          "failures": [],
          "pending": [],
          "skipped": [],
          "duration": 4659,
          "root": false,
          "rootEmpty": false,
          "_timeout": 2000
        }
      ],
      "passes": [],
      "failures": [],
      "pending": [],
      "skipped": [],
      "duration": 0,
      "root": true,
      "rootEmpty": true,
      "_timeout": 2000
    }
  ],
  "meta": {
    "mocha": {
      "version": "7.0.1"
    },
    "mochawesome": {
      "options": {
        "quiet": true,
        "reportFilename": "mochawesome",
        "saveHtml": false,
        "saveJson": true,
        "consoleReporter": "spec",
        "useInlineDiffs": false,
        "code": true
      },
      "version": "7.0.1"
    },
    "marge": {
      "options": {
        "id": "default",
        "reportDir": "mochawesome-report",
        "quiet": true,
        "overwrite": false,
        "html": false,
        "json": true
      },
      "version": "6.0.1"
    }
  }
}